  Projekt 2.cpp
C:\Users\Michał\source\repos\Projekt 2\Projekt 2\Projekt 2.cpp(97,23): warning C4018: "<": niezgodność typu ze znakiem/bez znaku
C:\Users\Michał\source\repos\Projekt 2\Projekt 2\Projekt 2.cpp(109,16): warning C4244: "inicjowanie": konwersja z "std::streamoff" do "int", możliwa utrata danych
C:\Users\Michał\source\repos\Projekt 2\Projekt 2\Projekt 2.cpp(109,34): warning C4018: "<": niezgodność typu ze znakiem/bez znaku
C:\Users\Michał\source\repos\Projekt 2\Projekt 2\Projekt 2.cpp(124,27): warning C4018: "<": niezgodność typu ze znakiem/bez znaku
C:\Users\Michał\source\repos\Projekt 2\Projekt 2\Projekt 2.cpp(132,27): warning C4018: "<": niezgodność typu ze znakiem/bez znaku
C:\Users\Michał\source\repos\Projekt 2\Projekt 2\Projekt 2.cpp(133,31): warning C4018: "<": niezgodność typu ze znakiem/bez znaku
C:\Users\Michał\source\repos\Projekt 2\Projekt 2\Projekt 2.cpp(142,23): warning C4018: "<": niezgodność typu ze znakiem/bez znaku
C:\Users\Michał\source\repos\Projekt 2\Projekt 2\Projekt 2.cpp(143,27): warning C4018: "<": niezgodność typu ze znakiem/bez znaku
C:\Users\Michał\source\repos\Projekt 2\Projekt 2\Projekt 2.cpp(148,35): warning C4018: "<=": niezgodność typu ze znakiem/bez znaku
C:\Users\Michał\source\repos\Projekt 2\Projekt 2\Projekt 2.cpp(162,23): warning C4018: "<": niezgodność typu ze znakiem/bez znaku
C:\Users\Michał\source\repos\Projekt 2\Projekt 2\Projekt 2.cpp(163,27): warning C4018: "<": niezgodność typu ze znakiem/bez znaku
C:\Users\Michał\source\repos\Projekt 2\Projekt 2\Projekt 2.cpp(167,55): warning C4018: ">": niezgodność typu ze znakiem/bez znaku
C:\Users\Michał\source\repos\Projekt 2\Projekt 2\Projekt 2.cpp(168,55): warning C4018: ">": niezgodność typu ze znakiem/bez znaku
C:\Users\Michał\source\repos\Projekt 2\Projekt 2\Projekt 2.cpp(169,61): warning C4018: "<=": niezgodność typu ze znakiem/bez znaku
C:\Users\Michał\source\repos\Projekt 2\Projekt 2\Projekt 2.cpp(176,23): warning C4018: "<": niezgodność typu ze znakiem/bez znaku
C:\Users\Michał\source\repos\Projekt 2\Projekt 2\Projekt 2.cpp(177,27): warning C4018: "<": niezgodność typu ze znakiem/bez znaku
C:\Users\Michał\source\repos\Projekt 2\Projekt 2\Projekt 2.cpp(181,55): warning C4018: ">": niezgodność typu ze znakiem/bez znaku
C:\Users\Michał\source\repos\Projekt 2\Projekt 2\Projekt 2.cpp(182,55): warning C4018: ">": niezgodność typu ze znakiem/bez znaku
C:\Users\Michał\source\repos\Projekt 2\Projekt 2\Projekt 2.cpp(183,61): warning C4018: "<=": niezgodność typu ze znakiem/bez znaku
C:\Users\Michał\source\repos\Projekt 2\Projekt 2\Projekt 2.cpp(190,23): warning C4018: "<": niezgodność typu ze znakiem/bez znaku
C:\Users\Michał\source\repos\Projekt 2\Projekt 2\Projekt 2.cpp(191,27): warning C4018: "<": niezgodność typu ze znakiem/bez znaku
C:\Users\Michał\source\repos\Projekt 2\Projekt 2\Projekt 2.cpp(195,55): warning C4018: ">": niezgodność typu ze znakiem/bez znaku
C:\Users\Michał\source\repos\Projekt 2\Projekt 2\Projekt 2.cpp(196,55): warning C4018: ">": niezgodność typu ze znakiem/bez znaku
C:\Users\Michał\source\repos\Projekt 2\Projekt 2\Projekt 2.cpp(197,61): warning C4018: "<=": niezgodność typu ze znakiem/bez znaku
C:\Users\Michał\source\repos\Projekt 2\Projekt 2\Projekt 2.cpp(203,23): warning C4018: "<": niezgodność typu ze znakiem/bez znaku
C:\Users\Michał\source\repos\Projekt 2\Projekt 2\Projekt 2.cpp(204,27): warning C4018: "<": niezgodność typu ze znakiem/bez znaku
C:\Users\Michał\source\repos\Projekt 2\Projekt 2\Projekt 2.cpp(209,35): warning C4018: "<=": niezgodność typu ze znakiem/bez znaku
C:\Users\Michał\source\repos\Projekt 2\Projekt 2\Projekt 2.cpp(222,27): warning C4018: "<": niezgodność typu ze znakiem/bez znaku
  Projekt 2.vcxproj -> C:\Users\Michał\source\repos\Projekt 2\Debug\Projekt 2.exe
